23:17:00,521 INFO  [org.jboss.modules] (main) JBoss Modules version 1.2.0.CR1
23:17:00,741 INFO  [org.jboss.msc] (main) JBoss MSC version 1.0.4.GA
23:17:00,888 INFO  [org.jboss.as] (MSC service thread 1-4) JBAS015899: JBoss AS 7.2.0.Final "Janus" starting
23:17:00,898 DEBUG [org.jboss.as.config] (MSC service thread 1-4) Configured system properties:
	[Standalone] = 
	awt.toolkit = sun.awt.X11.XToolkit
	file.encoding = UTF-8
	file.encoding.pkg = sun.io
	file.separator = /
	java.awt.graphicsenv = sun.awt.X11GraphicsEnvironment
	java.awt.headless = true
	java.awt.printerjob = sun.print.PSPrinterJob
	java.class.path = /home/dmitryzubelevich/Downloads/jboss-7.2.0.Final/jboss-as-7.2.0.Final/jboss-modules.jar
	java.class.version = 51.0
	java.endorsed.dirs = /usr/lib/jvm/java-7-openjdk-amd64/jre/lib/endorsed
	java.ext.dirs = /usr/lib/jvm/java-7-openjdk-amd64/jre/lib/ext:/usr/java/packages/lib/ext
	java.home = /usr/lib/jvm/java-7-openjdk-amd64/jre
	java.io.tmpdir = /tmp
	java.library.path = /usr/java/packages/lib/amd64:/usr/lib/x86_64-linux-gnu/jni:/lib/x86_64-linux-gnu:/usr/lib/x86_64-linux-gnu:/usr/lib/jni:/lib:/usr/lib
	java.net.preferIPv4Stack = true
	java.runtime.name = OpenJDK Runtime Environment
	java.runtime.version = 1.7.0_65-b32
	java.specification.name = Java Platform API Specification
	java.specification.vendor = Oracle Corporation
	java.specification.version = 1.7
	java.util.logging.manager = org.jboss.logmanager.LogManager
	java.vendor = Oracle Corporation
	java.vendor.url = http://java.oracle.com/
	java.vendor.url.bug = http://bugreport.sun.com/bugreport/
	java.version = 1.7.0_65
	java.vm.info = mixed mode
	java.vm.name = OpenJDK 64-Bit Server VM
	java.vm.specification.name = Java Virtual Machine Specification
	java.vm.specification.vendor = Oracle Corporation
	java.vm.specification.version = 1.7
	java.vm.vendor = Oracle Corporation
	java.vm.version = 24.65-b04
	javax.management.builder.initial = org.jboss.as.jmx.PluggableMBeanServerBuilder
	javax.xml.datatype.DatatypeFactory = __redirected.__DatatypeFactory
	javax.xml.parsers.DocumentBuilderFactory = __redirected.__DocumentBuilderFactory
	javax.xml.parsers.SAXParserFactory = __redirected.__SAXParserFactory
	javax.xml.stream.XMLEventFactory = __redirected.__XMLEventFactory
	javax.xml.stream.XMLInputFactory = __redirected.__XMLInputFactory
	javax.xml.stream.XMLOutputFactory = __redirected.__XMLOutputFactory
	javax.xml.transform.TransformerFactory = __redirected.__TransformerFactory
	javax.xml.validation.SchemaFactory:http://www.w3.org/2001/XMLSchema = __redirected.__SchemaFactory
	javax.xml.xpath.XPathFactory:http://java.sun.com/jaxp/xpath/dom = __redirected.__XPathFactory
	jboss.home.dir = /home/dmitryzubelevich/Downloads/jboss-7.2.0.Final/jboss-as-7.2.0.Final
	jboss.host.name = dmitryzubelevich-lenovo-b590
	jboss.modules.dir = /home/dmitryzubelevich/Downloads/jboss-7.2.0.Final/jboss-as-7.2.0.Final/modules
	jboss.modules.system.pkgs = org.jboss.byteman
	jboss.node.name = dmitryzubelevich-lenovo-b590
	jboss.qualified.host.name = dmitryzubelevich-lenovo-b590
	jboss.server.base.dir = /home/dmitryzubelevich/Downloads/jboss-7.2.0.Final/jboss-as-7.2.0.Final/standalone
	jboss.server.config.dir = /home/dmitryzubelevich/Downloads/jboss-7.2.0.Final/jboss-as-7.2.0.Final/standalone/configuration
	jboss.server.data.dir = /home/dmitryzubelevich/Downloads/jboss-7.2.0.Final/jboss-as-7.2.0.Final/standalone/data
	jboss.server.deploy.dir = /home/dmitryzubelevich/Downloads/jboss-7.2.0.Final/jboss-as-7.2.0.Final/standalone/data/content
	jboss.server.log.dir = /home/dmitryzubelevich/Downloads/jboss-7.2.0.Final/jboss-as-7.2.0.Final/standalone/log
	jboss.server.name = dmitryzubelevich-lenovo-b590
	jboss.server.persist.config = true
	jboss.server.temp.dir = /home/dmitryzubelevich/Downloads/jboss-7.2.0.Final/jboss-as-7.2.0.Final/standalone/tmp
	line.separator = 

	logging.configuration = file:/home/dmitryzubelevich/Downloads/jboss-7.2.0.Final/jboss-as-7.2.0.Final/standalone/configuration/logging.properties
	module.path = /home/dmitryzubelevich/Downloads/jboss-7.2.0.Final/jboss-as-7.2.0.Final/modules
	org.jboss.boot.log.file = /home/dmitryzubelevich/Downloads/jboss-7.2.0.Final/jboss-as-7.2.0.Final/standalone/log/server.log
	org.jboss.resolver.warning = true
	org.xml.sax.driver = __redirected.__XMLReaderFactory
	os.arch = amd64
	os.name = Linux
	os.version = 3.13.0-24-generic
	path.separator = :
	sun.arch.data.model = 64
	sun.boot.class.path = /usr/lib/jvm/java-7-openjdk-amd64/jre/lib/resources.jar:/usr/lib/jvm/java-7-openjdk-amd64/jre/lib/rt.jar:/usr/lib/jvm/java-7-openjdk-amd64/jre/lib/sunrsasign.jar:/usr/lib/jvm/java-7-openjdk-amd64/jre/lib/jsse.jar:/usr/lib/jvm/java-7-openjdk-amd64/jre/lib/jce.jar:/usr/lib/jvm/java-7-openjdk-amd64/jre/lib/charsets.jar:/usr/lib/jvm/java-7-openjdk-amd64/jre/lib/rhino.jar:/usr/lib/jvm/java-7-openjdk-amd64/jre/lib/jfr.jar:/usr/lib/jvm/java-7-openjdk-amd64/jre/classes
	sun.boot.library.path = /usr/lib/jvm/java-7-openjdk-amd64/jre/lib/amd64
	sun.cpu.endian = little
	sun.cpu.isalist = 
	sun.desktop = gnome
	sun.io.unicode.encoding = UnicodeLittle
	sun.java.command = /home/dmitryzubelevich/Downloads/jboss-7.2.0.Final/jboss-as-7.2.0.Final/jboss-modules.jar -mp /home/dmitryzubelevich/Downloads/jboss-7.2.0.Final/jboss-as-7.2.0.Final/modules -jaxpmodule javax.xml.jaxp-provider org.jboss.as.standalone -Djboss.home.dir=/home/dmitryzubelevich/Downloads/jboss-7.2.0.Final/jboss-as-7.2.0.Final -Djboss.server.base.dir=/home/dmitryzubelevich/Downloads/jboss-7.2.0.Final/jboss-as-7.2.0.Final/standalone
	sun.java.launcher = SUN_STANDARD
	sun.jnu.encoding = UTF-8
	sun.management.compiler = HotSpot 64-Bit Tiered Compilers
	sun.os.patch.level = unknown
	user.country = US
	user.dir = /home/dmitryzubelevich/Downloads/jboss-7.2.0.Final/jboss-as-7.2.0.Final/bin
	user.home = /home/dmitryzubelevich
	user.language = en
	user.name = dmitryzubelevich
	user.timezone = Europe/Kiev
23:17:00,902 DEBUG [org.jboss.as.config] (MSC service thread 1-4) VM Arguments: -D[Standalone] -XX:+UseCompressedOops -Xms64m -Xmx512m -XX:MaxPermSize=256m -Djava.net.preferIPv4Stack=true -Djboss.modules.system.pkgs=org.jboss.byteman -Djava.awt.headless=true -Dorg.jboss.boot.log.file=/home/dmitryzubelevich/Downloads/jboss-7.2.0.Final/jboss-as-7.2.0.Final/standalone/log/server.log -Dlogging.configuration=file:/home/dmitryzubelevich/Downloads/jboss-7.2.0.Final/jboss-as-7.2.0.Final/standalone/configuration/logging.properties 
23:17:02,229 INFO  [org.xnio] (MSC service thread 1-4) XNIO Version 3.0.7.GA
23:17:02,235 INFO  [org.jboss.as.server] (Controller Boot Thread) JBAS015888: Creating http management service using socket-binding (management-http)
23:17:02,248 INFO  [org.xnio.nio] (MSC service thread 1-4) XNIO NIO Implementation Version 3.0.7.GA
23:17:02,270 INFO  [org.jboss.remoting] (MSC service thread 1-4) JBoss Remoting version 3.2.14.GA
23:17:02,343 INFO  [org.jboss.as.clustering.infinispan] (ServerService Thread Pool -- 29) JBAS010280: Activating Infinispan subsystem.
23:17:02,405 INFO  [org.jboss.as.jsf] (ServerService Thread Pool -- 35) JBAS012605: Activated the following JSF Implementations: [main, 1.2]
23:17:02,429 INFO  [org.jboss.as.naming] (ServerService Thread Pool -- 37) JBAS011800: Activating Naming Subsystem
23:17:02,457 INFO  [org.jboss.as.connector.logging] (MSC service thread 1-4) JBAS010408: Starting JCA Subsystem (JBoss IronJacamar 1.0.15.Final)
23:17:02,476 INFO  [org.jboss.as.security] (ServerService Thread Pool -- 42) JBAS013171: Activating Security Subsystem
23:17:02,533 INFO  [org.jboss.as.webservices] (ServerService Thread Pool -- 46) JBAS015537: Activating WebServices Extension
23:17:02,561 INFO  [org.jboss.as.naming] (MSC service thread 1-1) JBAS011802: Starting Naming Service
23:17:02,564 INFO  [org.jboss.as.security] (MSC service thread 1-3) JBAS013170: Current PicketBox version=4.0.15.Final
23:17:02,590 INFO  [org.jboss.as.mail.extension] (MSC service thread 1-1) JBAS015400: Bound mail session [java:jboss/mail/Default]
23:17:02,593 INFO  [org.jboss.as.connector.subsystems.datasources] (ServerService Thread Pool -- 25) JBAS010403: Deploying JDBC-compliant driver class org.h2.Driver (version 1.3)
23:17:02,919 INFO  [org.jboss.ws.common.management] (MSC service thread 1-2) JBWS022052: Starting JBoss Web Services - Stack CXF Server 4.1.3.Final
23:17:03,261 INFO  [org.apache.coyote.http11] (MSC service thread 1-3) JBWEB003001: Coyote HTTP/1.1 initializing on : http-/127.0.0.1:8080
23:17:03,273 INFO  [org.apache.coyote.http11] (MSC service thread 1-3) JBWEB003000: Coyote HTTP/1.1 starting on: http-/127.0.0.1:8080
23:17:03,701 INFO  [org.jboss.as.connector.subsystems.datasources] (MSC service thread 1-4) JBAS010400: Bound data source [java:jboss/datasources/ExampleDS]
23:17:03,735 INFO  [org.jboss.as.server.deployment.scanner] (MSC service thread 1-1) JBAS015012: Started FileSystemDeploymentService for directory /home/dmitryzubelevich/Downloads/jboss-7.2.0.Final/jboss-as-7.2.0.Final/standalone/deployments
23:17:03,756 INFO  [org.jboss.as.remoting] (MSC service thread 1-3) JBAS017100: Listening on 127.0.0.1:4447
23:17:03,763 INFO  [org.jboss.as.remoting] (MSC service thread 1-2) JBAS017100: Listening on 127.0.0.1:9999
23:17:04,283 INFO  [org.jboss.as] (Controller Boot Thread) JBAS015961: Http management interface listening on http://127.0.0.1:9990/management
23:17:04,284 INFO  [org.jboss.as] (Controller Boot Thread) JBAS015951: Admin console listening on http://127.0.0.1:9990
23:17:04,284 INFO  [org.jboss.as] (Controller Boot Thread) JBAS015874: JBoss AS 7.2.0.Final "Janus" started in 4323ms - Started 121 of 175 services (53 services are passive or on-demand)
23:47:13,629 INFO  [org.jboss.as.controller] (MSC service thread 1-3) JBAS014774: Service status report
JBAS014775:    New missing/unsatisfied dependencies:
      service jboss.server.controller.management.security_realm.ApplicationRealm.properties_authentication (missing) dependents: [service jboss.server.controller.management.security_realm.ApplicationRealm] 

23:47:13,666 INFO  [org.apache.coyote.http11] (MSC service thread 1-2) JBWEB003075: Coyote HTTP/1.1 pausing on: http-/127.0.0.1:8080
23:47:13,671 INFO  [org.apache.coyote.http11] (MSC service thread 1-2) JBWEB003077: Coyote HTTP/1.1 stopping on : http-/127.0.0.1:8080
23:47:13,671 INFO  [org.jboss.as.connector.subsystems.datasources] (MSC service thread 1-3) JBAS010409: Unbound data source [java:jboss/datasources/ExampleDS]
23:47:13,674 INFO  [org.apache.catalina.core] (MSC service thread 1-4) JBWEB001079: Container org.apache.catalina.core.ContainerBase.[jboss.web].[default-host].[/] has not been started
23:47:13,700 INFO  [org.jboss.as.controller] (MSC service thread 1-1) JBAS014774: Service status report
JBAS014776:    Newly corrected services:
      service jboss.server.controller.management.security_realm.ApplicationRealm.properties_authentication (no longer required)

23:47:13,701 INFO  [org.jboss.as] (MSC service thread 1-3) JBAS015950: JBoss AS 7.2.0.Final "Janus" stopped in 33ms
